<?xml version="1.0" encoding="UTF-8"?>
<testng-results skipped="0" failed="1" ignored="0" total="3" passed="2">
  <reporter-output>
    <line>
      <![CDATA[Action !!!!]]>
    </line>
    <line>
      <![CDATA[Logout from the application]]>
    </line>
  </reporter-output>
  <suite name="Default suite" duration-ms="120" started-at="2021-11-09T10:06:52 IST" finished-at="2021-11-09T10:06:52 IST">
    <groups>
    </groups>
    <test name="Default test" duration-ms="120" started-at="2021-11-09T10:06:52 IST" finished-at="2021-11-09T10:06:52 IST">
      <class name="testngFlags.Flag7">
        <test-method status="FAIL" signature="login()[pri:0, instance:testngFlags.Flag7@396f6598]" name="login" duration-ms="15" started-at="2021-11-09T10:06:52 IST" finished-at="2021-11-09T10:06:52 IST">
          <exception class="java.lang.ArithmeticException">
            <message>
              <![CDATA[/ by zero]]>
            </message>
            <full-stacktrace>
              <![CDATA[java.lang.ArithmeticException: / by zero
at testngFlags.Flag7.login(Flag7.java:11)
at sun.reflect.NativeMethodAccessorImpl.invoke0(Native Method)
at sun.reflect.NativeMethodAccessorImpl.invoke(NativeMethodAccessorImpl.java:62)
at sun.reflect.DelegatingMethodAccessorImpl.invoke(DelegatingMethodAccessorImpl.java:43)
at java.lang.reflect.Method.invoke(Method.java:498)
at org.testng.internal.MethodInvocationHelper.invokeMethod(MethodInvocationHelper.java:133)
at org.testng.internal.TestInvoker.invokeMethod(TestInvoker.java:598)
at org.testng.internal.TestInvoker.invokeTestMethod(TestInvoker.java:173)
at org.testng.internal.MethodRunner.runInSequence(MethodRunner.java:46)
at org.testng.internal.TestInvoker$MethodInvocationAgent.invoke(TestInvoker.java:824)
at org.testng.internal.TestInvoker.invokeTestMethods(TestInvoker.java:146)
at org.testng.internal.TestMethodWorker.invokeTestMethods(TestMethodWorker.java:146)
at org.testng.internal.TestMethodWorker.run(TestMethodWorker.java:128)
at java.util.ArrayList.forEach(ArrayList.java:1257)
at org.testng.TestRunner.privateRun(TestRunner.java:794)
at org.testng.TestRunner.run(TestRunner.java:596)
at org.testng.SuiteRunner.runTest(SuiteRunner.java:377)
at org.testng.SuiteRunner.runSequentially(SuiteRunner.java:371)
at org.testng.SuiteRunner.privateRun(SuiteRunner.java:332)
at org.testng.SuiteRunner.run(SuiteRunner.java:276)
at org.testng.SuiteRunnerWorker.runSuite(SuiteRunnerWorker.java:53)
at org.testng.SuiteRunnerWorker.run(SuiteRunnerWorker.java:96)
at org.testng.TestNG.runSuitesSequentially(TestNG.java:1212)
at org.testng.TestNG.runSuitesLocally(TestNG.java:1134)
at org.testng.TestNG.runSuites(TestNG.java:1063)
at org.testng.TestNG.run(TestNG.java:1031)
at org.testng.remote.AbstractRemoteTestNG.run(AbstractRemoteTestNG.java:115)
at org.testng.remote.RemoteTestNG.initAndRun(RemoteTestNG.java:251)
at org.testng.remote.RemoteTestNG.main(RemoteTestNG.java:77)
]]>
            </full-stacktrace>
          </exception> <!-- java.lang.ArithmeticException -->
          <reporter-output>
          </reporter-output>
        </test-method> <!-- login -->
        <test-method status="PASS" signature="action()[pri:0, instance:testngFlags.Flag7@396f6598]" name="action" duration-ms="0" started-at="2021-11-09T10:06:52 IST" depends-on-methods="testngFlags.Flag7.login" finished-at="2021-11-09T10:06:52 IST">
          <reporter-output>
            <line>
              <![CDATA[Action !!!!]]>
            </line>
          </reporter-output>
        </test-method> <!-- action -->
        <test-method status="PASS" signature="logout()[pri:3, instance:testngFlags.Flag7@396f6598]" name="logout" duration-ms="0" started-at="2021-11-09T10:06:52 IST" depends-on-methods="testngFlags.Flag7.action" finished-at="2021-11-09T10:06:52 IST">
          <reporter-output>
            <line>
              <![CDATA[Logout from the application]]>
            </line>
          </reporter-output>
        </test-method> <!-- logout -->
      </class> <!-- testngFlags.Flag7 -->
    </test> <!-- Default test -->
  </suite> <!-- Default suite -->
</testng-results>
